0 info it worked if it ends with ok
1 verbose cli [ 'C:\\Program Files\\nodejs\\node.exe',
1 verbose cli   'C:\\Program Files\\nodejs\\node_modules\\npm\\bin\\npm-cli.js',
1 verbose cli   'start' ]
2 info using npm@3.8.6
3 info using node@v5.12.0
4 verbose run-script [ 'prestart', 'start', 'poststart' ]
5 info lifecycle linechat@1.0.0~prestart: linechat@1.0.0
6 silly lifecycle linechat@1.0.0~prestart: no script for prestart, continuing
7 info lifecycle linechat@1.0.0~start: linechat@1.0.0
8 verbose lifecycle linechat@1.0.0~start: unsafe-perm in lifecycle true
9 verbose lifecycle linechat@1.0.0~start: PATH: C:\Program Files\nodejs\node_modules\npm\bin\node-gyp-bin;C:\Users\mimihome\Desktop\git\node_modules\.bin;C:\Program Files\nodejs;C:\ProgramData\Oracle\Java\javapath;C:\Windows\system32;C:\Windows;C:\Windows\System32\Wbem;C:\Windows\System32\WindowsPowerShell\v1.0\;C:\Program Files\ThinkPad\Bluetooth Software\;C:\Program Files\ThinkPad\Bluetooth Software\syswow64;C:\Program Files (x86)\Lenovo\Access Connections\;c:\Program Files (x86)\QuickTime\QTSystem\;C:\Program Files (x86)\Skype\Phone\;C:\Program Files\nodejs\;C:\Users\mimihome\AppData\Roaming\npm;C:\Program Files\Heroku\bin
10 verbose lifecycle linechat@1.0.0~start: CWD: C:\Users\mimihome\Desktop\git
11 silly lifecycle linechat@1.0.0~start: Args: [ '/d /s /c', 'node .' ]
12 silly lifecycle linechat@1.0.0~start: Returned: code: 1  signal: null
13 info lifecycle linechat@1.0.0~start: Failed to exec start script
14 verbose stack Error: linechat@1.0.0 start: `node .`
14 verbose stack Exit status 1
14 verbose stack     at EventEmitter.<anonymous> (C:\Program Files\nodejs\node_modules\npm\lib\utils\lifecycle.js:239:16)
14 verbose stack     at emitTwo (events.js:100:13)
14 verbose stack     at EventEmitter.emit (events.js:185:7)
14 verbose stack     at ChildProcess.<anonymous> (C:\Program Files\nodejs\node_modules\npm\lib\utils\spawn.js:24:14)
14 verbose stack     at emitTwo (events.js:100:13)
14 verbose stack     at ChildProcess.emit (events.js:185:7)
14 verbose stack     at maybeClose (internal/child_process.js:850:16)
14 verbose stack     at Process.ChildProcess._handle.onexit (internal/child_process.js:215:5)
15 verbose pkgid linechat@1.0.0
16 verbose cwd C:\Users\mimihome\Desktop\git
17 error Windows_NT 6.1.7601
18 error argv "C:\\Program Files\\nodejs\\node.exe" "C:\\Program Files\\nodejs\\node_modules\\npm\\bin\\npm-cli.js" "start"
19 error node v5.12.0
20 error npm  v3.8.6
21 error code ELIFECYCLE
22 error linechat@1.0.0 start: `node .`
22 error Exit status 1
23 error Failed at the linechat@1.0.0 start script 'node .'.
23 error Make sure you have the latest version of node.js and npm installed.
23 error If you do, this is most likely a problem with the linechat package,
23 error not with npm itself.
23 error Tell the author that this fails on your system:
23 error     node .
23 error You can get information on how to open an issue for this project with:
23 error     npm bugs linechat
23 error Or if that isn't available, you can get their info via:
23 error     npm owner ls linechat
23 error There is likely additional logging output above.
24 verbose exit [ 1, true ]
